<?xml version="1.0" encoding="UTF-8"?>
<!-- Generated by org.testng.reporters.JUnitXMLReporter -->
<testsuite hostname="desktop" ignored="0" name="Default test" tests="8" failures="0" timestamp="2020-07-17T15:33:14 IST" time="60.117" errors="0">
  <testcase name="regiternewaccound" time="8.348" classname="mydemo.MainDemo"/>
  <testcase name="logout1" time="3.363" classname="mydemo.MainDemo"/>
  <testcase name="login" time="4.138" classname="mydemo.MainDemo"/>
  <testcase name="search" time="2.029" classname="mydemo.MainDemo"/>
  <testcase name="addtowishlist" time="5.96" classname="mydemo.MainDemo"/>
  <testcase name="addtocard" time="19.493" classname="mydemo.MainDemo"/>
  <testcase name="logout" time="1.766" classname="mydemo.MainDemo"/>
  <testcase name="invalidlogin" time="2.872" classname="mydemo.MainDemo"/>
</testsuite> <!-- Default test -->
